## ComfyUI-Manager: installing dependencies done.
[2024-06-05 14:24] ** ComfyUI startup time: 2024-06-05 14:24:08.339271
[2024-06-05 14:24] ** Platform: Windows
[2024-06-05 14:24] ** Python version: 3.10.11 (tags/v3.10.11:7d4cc5a, Apr  5 2023, 00:38:17) [MSC v.1929 64 bit (AMD64)]
[2024-06-05 14:24] ** Python executable: D:\AI\worker_docker\story-if-worker\venv\Scripts\python.exe
[2024-06-05 14:24] ** Log path: D:\AI\worker_docker\ComfyUI\comfyui.log
[2024-06-05 14:24] 
Prestartup times for custom nodes:
[2024-06-05 14:24]    0.4 seconds: D:\AI\worker_docker\ComfyUI\custom_nodes\ComfyUI-Manager
[2024-06-05 14:24] 
Set cuda device to: 0
[2024-06-05 14:24] Total VRAM 24564 MB, total RAM 130835 MB
[2024-06-05 14:24] pytorch version: 2.1.1+cu121
[2024-06-05 14:24] xformers version: 0.0.23
[2024-06-05 14:24] Set vram state to: HIGH_VRAM
[2024-06-05 14:24] Device: cuda:0 NVIDIA GeForce RTX 4090 : cudaMallocAsync
[2024-06-05 14:24] VAE dtype: torch.float16
[2024-06-05 14:24] Using pytorch cross attention
[2024-06-05 14:24] Adding extra search path checkpoints ../story-if-worker\models/Stable-diffusion
[2024-06-05 14:24] Adding extra search path configs ../story-if-worker\models/Stable-diffusion
[2024-06-05 14:24] Adding extra search path vae ../story-if-worker\models/VAE
[2024-06-05 14:24] Adding extra search path loras ../story-if-worker\models/Lora
[2024-06-05 14:24] Adding extra search path loras ../story-if-worker\models/lora
[2024-06-05 14:24] Adding extra search path loras ../story-if-worker\models/LyCORIS
[2024-06-05 14:24] Adding extra search path upscale_models ../story-if-worker\models/ESRGAN
[2024-06-05 14:24] Adding extra search path upscale_models ../story-if-worker\models/RealESRGAN
[2024-06-05 14:24] Adding extra search path upscale_models ../story-if-worker\models/SwinIR
[2024-06-05 14:24] Adding extra search path embeddings ../story-if-worker\models/embeddings
[2024-06-05 14:24] Adding extra search path hypernetworks ../story-if-worker\models/hypernetworks
[2024-06-05 14:24] Adding extra search path controlnet ../story-if-worker\models/ControlNet
[2024-06-05 14:24] Adding extra search path ipadapter ../story-if-worker\models/IPAdapter
[2024-06-05 14:24] Adding extra search path insightface ../story-if-worker\models/InsightFace
[2024-06-05 14:24] Adding extra search path layer_models ../story-if-worker\models/LayerModel
[2024-06-05 14:24] ### Loading: ComfyUI-Impact-Pack (V5.10)
[2024-06-05 14:24] ### Loading: ComfyUI-Impact-Pack (Subpack: V0.5)
[2024-06-05 14:24] [Impact Pack] Wildcards loading done.
[2024-06-05 14:24] Traceback (most recent call last):
  File "D:\AI\worker_docker\ComfyUI\nodes.py", line 1879, in load_custom_node
    module_spec.loader.exec_module(module)
  File "<frozen importlib._bootstrap_external>", line 883, in exec_module
  File "<frozen importlib._bootstrap>", line 241, in _call_with_frames_removed
  File "D:\AI\worker_docker\ComfyUI\custom_nodes\comfyui-inpaint-nodes\__init__.py", line 8, in <module>
    from . import nodes
  File "D:\AI\worker_docker\ComfyUI\custom_nodes\comfyui-inpaint-nodes\nodes.py", line 16, in <module>
    from comfy_extras.chainner_models.types import PyTorchModel
ModuleNotFoundError: No module named 'comfy_extras.chainner_models.types'

[2024-06-05 14:24] Cannot import D:\AI\worker_docker\ComfyUI\custom_nodes\comfyui-inpaint-nodes module for custom nodes: No module named 'comfy_extras.chainner_models.types'
[2024-06-05 14:24] ### Loading: ComfyUI-Inspire-Pack (V0.61.2)
[2024-06-05 14:24] D:\AI\worker_docker\story-if-worker\venv\lib\site-packages\diffusers\models\unet_2d_blocks.py:249: FutureWarning: `AutoencoderTinyBlock` is deprecated and will be removed in version 0.29. Importing `AutoencoderTinyBlock` from `diffusers.models.unet_2d_blocks` is deprecated and this will be removed in a future version. Please use `from diffusers.models.unets.unet_2d_blocks import AutoencoderTinyBlock`, instead.
  deprecate("AutoencoderTinyBlock", "0.29", deprecation_message)
[2024-06-05 14:24] D:\AI\worker_docker\story-if-worker\venv\lib\site-packages\diffusers\models\unet_2d_blocks.py:254: FutureWarning: `UNetMidBlock2D` is deprecated and will be removed in version 0.29. Importing `UNetMidBlock2D` from `diffusers.models.unet_2d_blocks` is deprecated and this will be removed in a future version. Please use `from diffusers.models.unets.unet_2d_blocks import UNetMidBlock2D`, instead.
  deprecate("UNetMidBlock2D", "0.29", deprecation_message)
[2024-06-05 14:24] D:\AI\worker_docker\story-if-worker\venv\lib\site-packages\diffusers\models\unet_2d_blocks.py:259: FutureWarning: `UNetMidBlock2DCrossAttn` is deprecated and will be removed in version 0.29. Importing `UNetMidBlock2DCrossAttn` from `diffusers.models.unet_2d_blocks` is deprecated and this will be removed in a future version. Please use `from diffusers.models.unets.unet_2d_blocks import UNetMidBlock2DCrossAttn`, instead.
  deprecate("UNetMidBlock2DCrossAttn", "0.29", deprecation_message)
[2024-06-05 14:24] D:\AI\worker_docker\story-if-worker\venv\lib\site-packages\diffusers\models\unet_2d_blocks.py:264: FutureWarning: `UNetMidBlock2DSimpleCrossAttn` is deprecated and will be removed in version 0.29. Importing `UNetMidBlock2DSimpleCrossAttn` from `diffusers.models.unet_2d_blocks` is deprecated and this will be removed in a future version. Please use `from diffusers.models.unets.unet_2d_blocks import UNetMidBlock2DSimpleCrossAttn`, instead.
  deprecate("UNetMidBlock2DSimpleCrossAttn", "0.29", deprecation_message)
[2024-06-05 14:24] D:\AI\worker_docker\story-if-worker\venv\lib\site-packages\diffusers\models\unet_2d_blocks.py:269: FutureWarning: `AttnDownBlock2D` is deprecated and will be removed in version 0.29. Importing `AttnDownBlock2D` from `diffusers.models.unet_2d_blocks` is deprecated and this will be removed in a future version. Please use `from diffusers.models.unets.unet_2d_blocks import AttnDownBlock2D`, instead.
  deprecate("AttnDownBlock2D", "0.29", deprecation_message)
[2024-06-05 14:24] D:\AI\worker_docker\story-if-worker\venv\lib\site-packages\diffusers\models\unet_2d_blocks.py:274: FutureWarning: `CrossAttnDownBlock2D` is deprecated and will be removed in version 0.29. Importing `AttnDownBlock2D` from `diffusers.models.unet_2d_blocks` is deprecated and this will be removed in a future version. Please use `from diffusers.models.unets.unet_2d_blocks import CrossAttnDownBlock2D`, instead.
  deprecate("CrossAttnDownBlock2D", "0.29", deprecation_message)
[2024-06-05 14:24] D:\AI\worker_docker\story-if-worker\venv\lib\site-packages\diffusers\models\unet_2d_blocks.py:279: FutureWarning: `DownBlock2D` is deprecated and will be removed in version 0.29. Importing `DownBlock2D` from `diffusers.models.unet_2d_blocks` is deprecated and this will be removed in a future version. Please use `from diffusers.models.unets.unet_2d_blocks import DownBlock2D`, instead.
  deprecate("DownBlock2D", "0.29", deprecation_message)
[2024-06-05 14:24] D:\AI\worker_docker\story-if-worker\venv\lib\site-packages\diffusers\models\unet_2d_blocks.py:284: FutureWarning: `AttnDownEncoderBlock2D` is deprecated and will be removed in version 0.29. Importing `AttnDownEncoderBlock2D` from `diffusers.models.unet_2d_blocks` is deprecated and this will be removed in a future version. Please use `from diffusers.models.unets.unet_2d_blocks import AttnDownEncoderBlock2D`, instead.
  deprecate("AttnDownEncoderBlock2D", "0.29", deprecation_message)
[2024-06-05 14:24] D:\AI\worker_docker\story-if-worker\venv\lib\site-packages\diffusers\models\unet_2d_blocks.py:289: FutureWarning: `AttnSkipDownBlock2D` is deprecated and will be removed in version 0.29. Importing `AttnSkipDownBlock2D` from `diffusers.models.unet_2d_blocks` is deprecated and this will be removed in a future version. Please use `from diffusers.models.unets.unet_2d_blocks import AttnSkipDownBlock2D`, instead.
  deprecate("AttnSkipDownBlock2D", "0.29", deprecation_message)
[2024-06-05 14:24] D:\AI\worker_docker\story-if-worker\venv\lib\site-packages\diffusers\models\unet_2d_blocks.py:294: FutureWarning: `SkipDownBlock2D` is deprecated and will be removed in version 0.29. Importing `SkipDownBlock2D` from `diffusers.models.unet_2d_blocks` is deprecated and this will be removed in a future version. Please use `from diffusers.models.unets.unet_2d_blocks import SkipDownBlock2D`, instead.
  deprecate("SkipDownBlock2D", "0.29", deprecation_message)
[2024-06-05 14:24] D:\AI\worker_docker\story-if-worker\venv\lib\site-packages\diffusers\models\unet_2d_blocks.py:299: FutureWarning: `ResnetDownsampleBlock2D` is deprecated and will be removed in version 0.29. Importing `ResnetDownsampleBlock2D` from `diffusers.models.unet_2d_blocks` is deprecated and this will be removed in a future version. Please use `from diffusers.models.unets.unet_2d_blocks import ResnetDownsampleBlock2D`, instead.
  deprecate("ResnetDownsampleBlock2D", "0.29", deprecation_message)
[2024-06-05 14:24] D:\AI\worker_docker\story-if-worker\venv\lib\site-packages\diffusers\models\unet_2d_blocks.py:304: FutureWarning: `SimpleCrossAttnDownBlock2D` is deprecated and will be removed in version 0.29. Importing `SimpleCrossAttnDownBlock2D` from `diffusers.models.unet_2d_blocks` is deprecated and this will be removed in a future version. Please use `from diffusers.models.unets.unet_2d_blocks import SimpleCrossAttnDownBlock2D`, instead.
  deprecate("SimpleCrossAttnDownBlock2D", "0.29", deprecation_message)
[2024-06-05 14:24] D:\AI\worker_docker\story-if-worker\venv\lib\site-packages\diffusers\models\unet_2d_blocks.py:309: FutureWarning: `KDownBlock2D` is deprecated and will be removed in version 0.29. Importing `KDownBlock2D` from `diffusers.models.unet_2d_blocks` is deprecated and this will be removed in a future version. Please use `from diffusers.models.unets.unet_2d_blocks import KDownBlock2D`, instead.
  deprecate("KDownBlock2D", "0.29", deprecation_message)
[2024-06-05 14:24] D:\AI\worker_docker\story-if-worker\venv\lib\site-packages\diffusers\models\unet_2d_blocks.py:314: FutureWarning: `KCrossAttnDownBlock2D` is deprecated and will be removed in version 0.29. Importing `KCrossAttnDownBlock2D` from `diffusers.models.unet_2d_blocks` is deprecated and this will be removed in a future version. Please use `from diffusers.models.unets.unet_2d_blocks import KCrossAttnDownBlock2D`, instead.
  deprecate("KCrossAttnDownBlock2D", "0.29", deprecation_message)
[2024-06-05 14:24] D:\AI\worker_docker\story-if-worker\venv\lib\site-packages\diffusers\models\unet_2d_blocks.py:319: FutureWarning: `AttnUpBlock2D` is deprecated and will be removed in version 0.29. Importing `AttnUpBlock2D` from `diffusers.models.unet_2d_blocks` is deprecated and this will be removed in a future version. Please use `from diffusers.models.unets.unet_2d_blocks import AttnUpBlock2D`, instead.
  deprecate("AttnUpBlock2D", "0.29", deprecation_message)
[2024-06-05 14:24] D:\AI\worker_docker\story-if-worker\venv\lib\site-packages\diffusers\models\unet_2d_blocks.py:324: FutureWarning: `CrossAttnUpBlock2D` is deprecated and will be removed in version 0.29. Importing `CrossAttnUpBlock2D` from `diffusers.models.unet_2d_blocks` is deprecated and this will be removed in a future version. Please use `from diffusers.models.unets.unet_2d_blocks import CrossAttnUpBlock2D`, instead.
  deprecate("CrossAttnUpBlock2D", "0.29", deprecation_message)
[2024-06-05 14:24] D:\AI\worker_docker\story-if-worker\venv\lib\site-packages\diffusers\models\unet_2d_blocks.py:329: FutureWarning: `UpBlock2D` is deprecated and will be removed in version 0.29. Importing `UpBlock2D` from `diffusers.models.unet_2d_blocks` is deprecated and this will be removed in a future version. Please use `from diffusers.models.unets.unet_2d_blocks import UpBlock2D`, instead.
  deprecate("UpBlock2D", "0.29", deprecation_message)
[2024-06-05 14:24] D:\AI\worker_docker\story-if-worker\venv\lib\site-packages\diffusers\models\unet_2d_blocks.py:334: FutureWarning: `UpDecoderBlock2D` is deprecated and will be removed in version 0.29. Importing `UpDecoderBlock2D` from `diffusers.models.unet_2d_blocks` is deprecated and this will be removed in a future version. Please use `from diffusers.models.unets.unet_2d_blocks import UpDecoderBlock2D`, instead.
  deprecate("UpDecoderBlock2D", "0.29", deprecation_message)
[2024-06-05 14:24] D:\AI\worker_docker\story-if-worker\venv\lib\site-packages\diffusers\models\unet_2d_blocks.py:339: FutureWarning: `AttnUpDecoderBlock2D` is deprecated and will be removed in version 0.29. Importing `AttnUpDecoderBlock2D` from `diffusers.models.unet_2d_blocks` is deprecated and this will be removed in a future version. Please use `from diffusers.models.unets.unet_2d_blocks import AttnUpDecoderBlock2D`, instead.
  deprecate("AttnUpDecoderBlock2D", "0.29", deprecation_message)
[2024-06-05 14:24] D:\AI\worker_docker\story-if-worker\venv\lib\site-packages\diffusers\models\unet_2d_blocks.py:344: FutureWarning: `AttnSkipUpBlock2D` is deprecated and will be removed in version 0.29. Importing `AttnSkipUpBlock2D` from `diffusers.models.unet_2d_blocks` is deprecated and this will be removed in a future version. Please use `from diffusers.models.unets.unet_2d_blocks import AttnSkipUpBlock2D`, instead.
  deprecate("AttnSkipUpBlock2D", "0.29", deprecation_message)
[2024-06-05 14:24] D:\AI\worker_docker\story-if-worker\venv\lib\site-packages\diffusers\models\unet_2d_blocks.py:349: FutureWarning: `SkipUpBlock2D` is deprecated and will be removed in version 0.29. Importing `SkipUpBlock2D` from `diffusers.models.unet_2d_blocks` is deprecated and this will be removed in a future version. Please use `from diffusers.models.unets.unet_2d_blocks import SkipUpBlock2D`, instead.
  deprecate("SkipUpBlock2D", "0.29", deprecation_message)
[2024-06-05 14:24] D:\AI\worker_docker\story-if-worker\venv\lib\site-packages\diffusers\models\unet_2d_blocks.py:354: FutureWarning: `ResnetUpsampleBlock2D` is deprecated and will be removed in version 0.29. Importing `ResnetUpsampleBlock2D` from `diffusers.models.unet_2d_blocks` is deprecated and this will be removed in a future version. Please use `from diffusers.models.unets.unet_2d_blocks import ResnetUpsampleBlock2D`, instead.
  deprecate("ResnetUpsampleBlock2D", "0.29", deprecation_message)
[2024-06-05 14:24] D:\AI\worker_docker\story-if-worker\venv\lib\site-packages\diffusers\models\unet_2d_blocks.py:359: FutureWarning: `SimpleCrossAttnUpBlock2D` is deprecated and will be removed in version 0.29. Importing `SimpleCrossAttnUpBlock2D` from `diffusers.models.unet_2d_blocks` is deprecated and this will be removed in a future version. Please use `from diffusers.models.unets.unet_2d_blocks import SimpleCrossAttnUpBlock2D`, instead.
  deprecate("SimpleCrossAttnUpBlock2D", "0.29", deprecation_message)
[2024-06-05 14:24] D:\AI\worker_docker\story-if-worker\venv\lib\site-packages\diffusers\models\unet_2d_blocks.py:364: FutureWarning: `KUpBlock2D` is deprecated and will be removed in version 0.29. Importing `KUpBlock2D` from `diffusers.models.unet_2d_blocks` is deprecated and this will be removed in a future version. Please use `from diffusers.models.unets.unet_2d_blocks import KUpBlock2D`, instead.
  deprecate("KUpBlock2D", "0.29", deprecation_message)
[2024-06-05 14:24] D:\AI\worker_docker\story-if-worker\venv\lib\site-packages\diffusers\models\unet_2d_blocks.py:369: FutureWarning: `KCrossAttnUpBlock2D` is deprecated and will be removed in version 0.29. Importing `KCrossAttnUpBlock2D` from `diffusers.models.unet_2d_blocks` is deprecated and this will be removed in a future version. Please use `from diffusers.models.unets.unet_2d_blocks import KCrossAttnUpBlock2D`, instead.
  deprecate("KCrossAttnUpBlock2D", "0.29", deprecation_message)
[2024-06-05 14:24] D:\AI\worker_docker\story-if-worker\venv\lib\site-packages\diffusers\models\unet_2d_blocks.py:375: FutureWarning: `KAttentionBlock` is deprecated and will be removed in version 0.29. Importing `KAttentionBlock` from `diffusers.models.unet_2d_blocks` is deprecated and this will be removed in a future version. Please use `from diffusers.models.unets.unet_2d_blocks import KAttentionBlock`, instead.
  deprecate("KAttentionBlock", "0.29", deprecation_message)
[2024-06-05 14:24] ### Loading: ComfyUI-Manager (V2.36)
[2024-06-05 14:24] ### ComfyUI Revision: 2272 [a92c0fc3] | Released on '2024-06-04'
[2024-06-05 14:24] ------------------------------------------
[2024-06-05 14:24] [34mComfyroll Studio v1.76 : [92m 175 Nodes Loaded[0m
[2024-06-05 14:24] ------------------------------------------
[2024-06-05 14:24] ** For changes, please see patch notes at https://github.com/Suzie1/ComfyUI_Comfyroll_CustomNodes/blob/main/Patch_Notes.md
[2024-06-05 14:24] ** For help, please see the wiki at https://github.com/Suzie1/ComfyUI_Comfyroll_CustomNodes/wiki
[2024-06-05 14:24] ------------------------------------------
[2024-06-05 14:24] [36;20m[comfyui_controlnet_aux] | INFO -> Using ckpts path: D:\AI\worker_docker\ComfyUI\custom_nodes\comfyui_controlnet_aux\ckpts[0m
[2024-06-05 14:24] [36;20m[comfyui_controlnet_aux] | INFO -> Using symlinks: False[0m
[2024-06-05 14:24] [36;20m[comfyui_controlnet_aux] | INFO -> Using ort providers: ['CUDAExecutionProvider', 'DirectMLExecutionProvider', 'OpenVINOExecutionProvider', 'ROCMExecutionProvider', 'CPUExecutionProvider', 'CoreMLExecutionProvider'][0m
[2024-06-05 14:24] D:\AI\worker_docker\ComfyUI\custom_nodes\comfyui_controlnet_aux\node_wrappers\dwpose.py:26: UserWarning: DWPose: Onnxruntime not found or doesn't come with acceleration providers, switch to OpenCV with CPU device. DWPose might run very slowly
  warnings.warn("DWPose: Onnxruntime not found or doesn't come with acceleration providers, switch to OpenCV with CPU device. DWPose might run very slowly")
[2024-06-05 14:24] [ComfyUI-Manager] default cache updated: https://raw.githubusercontent.com/ltdrdata/ComfyUI-Manager/main/alter-list.json
[2024-06-05 14:24] [ComfyUI-Manager] default cache updated: https://raw.githubusercontent.com/ltdrdata/ComfyUI-Manager/main/model-list.json
[2024-06-05 14:24] [ComfyUI-Manager] default cache updated: https://raw.githubusercontent.com/ltdrdata/ComfyUI-Manager/main/github-stats.json
[2024-06-05 14:24] [ComfyUI-Manager] default cache updated: https://raw.githubusercontent.com/ltdrdata/ComfyUI-Manager/main/extension-node-map.json
[2024-06-05 14:24] [ComfyUI-Manager] default cache updated: https://raw.githubusercontent.com/ltdrdata/ComfyUI-Manager/main/custom-node-list.json
[2024-06-05 14:24] [34mFizzleDorf Custom Nodes: [92mLoaded[0m
[2024-06-05 14:24] ComfyUI_stable_fast: tensorrt_node import failed.
[2024-06-05 14:24] Traceback (most recent call last):
[2024-06-05 14:24]   File "D:\AI\worker_docker\ComfyUI\custom_nodes\comfyui_stable_fast\__init__.py", line 26, in <module>
    from .tensorrt_node import (
[2024-06-05 14:24]   File "D:\AI\worker_docker\ComfyUI\custom_nodes\comfyui_stable_fast\tensorrt_node.py", line 13, in <module>
    from .module.controlnet_tensorrt import (
[2024-06-05 14:24]   File "D:\AI\worker_docker\ComfyUI\custom_nodes\comfyui_stable_fast\module\controlnet_tensorrt.py", line 1, in <module>
    from .tensorrt_wrapper import CallableTensorRTEngineWrapper
[2024-06-05 14:24]   File "D:\AI\worker_docker\ComfyUI\custom_nodes\comfyui_stable_fast\module\tensorrt_wrapper.py", line 19, in <module>
    from .tensorrt_utilities import Engine
[2024-06-05 14:24]   File "D:\AI\worker_docker\ComfyUI\custom_nodes\comfyui_stable_fast\module\tensorrt_utilities.py", line 25, in <module>
    import onnx_graphsurgeon as gs
[2024-06-05 14:24] ModuleNotFoundError: No module named 'onnx_graphsurgeon'
[2024-06-05 14:24] [2024-06-05 14:24] [36mEfficiency Nodes:[0m Attempting to add Control Net options to the 'HiRes-Fix Script' Node (comfyui_controlnet_aux add-on)...[92mSuccess![0m
[2024-06-05 14:24] [93mEfficiency Nodes Warning:[0m Failed to import python package 'simpleeval'; related nodes disabled.
[2024-06-05 14:24] 
[2024-06-05 14:24] NODE_CLASS_MAPPINGS: {'AspectRatio': <class 'custom_nodes.neo_custom_node.src.gen_input.AspectRatio'>, 'NeoParam': <class 'custom_nodes.neo_custom_node.src.gen_input.NeoParam'>, 'SDXLPromptOnlyStyler': <class 'custom_nodes.neo_custom_node.src.style.select.SDXLPromptOnlyStyler'>, 'SDXLStoryPromptStyler': <class 'custom_nodes.neo_custom_node.src.style.select.SDXLStoryPromptStyler'>, 'EasyPromptSelecto': <class 'custom_nodes.neo_custom_node.src.style.EasyPromptSelecto.EasyPromptSelecto'>, 'StyleSelecto': <class 'custom_nodes.neo_custom_node.src.style.StyleSelecto.StyleSelecto'>, 'LatentInterposer': <class 'custom_nodes.neo_custom_node.src.comfy_latent_interposer.LatentInterposer'>}
[2024-06-05 14:24] NODE_DISPLAY_NAME_MAPPINGS: {'AspectRatio': '宽高比', 'NeoParam': 'Neo参数', 'SDXLPromptOnlyStyler': 'SDXL Prompt Styler', 'SDXLStoryPromptStyler': 'SDXL Story Prompt Styler', 'EasyPromptSelecto': '提示词选择工具', 'StyleSelecto': '风格选择器', 'LatentInterposer': 'Latent Interposer'}
[2024-06-05 14:24] NODE_CLASS_MAPPINGS: {'AspectRatio': <class 'neo_custom_node.src.gen_input.AspectRatio'>, 'NeoParam': <class 'neo_custom_node.src.gen_input.NeoParam'>, 'SDXLPromptOnlyStyler': <class 'neo_custom_node.src.style.select.SDXLPromptOnlyStyler'>, 'SDXLStoryPromptStyler': <class 'neo_custom_node.src.style.select.SDXLStoryPromptStyler'>, 'EasyPromptSelecto': <class 'neo_custom_node.src.style.EasyPromptSelecto.EasyPromptSelecto'>, 'StyleSelecto': <class 'neo_custom_node.src.style.StyleSelecto.StyleSelecto'>, 'LatentInterposer': <class 'neo_custom_node.src.comfy_latent_interposer.LatentInterposer'>}
[2024-06-05 14:24] NODE_DISPLAY_NAME_MAPPINGS: {'AspectRatio': '宽高比', 'NeoParam': 'Neo参数', 'SDXLPromptOnlyStyler': 'SDXL Prompt Styler', 'SDXLStoryPromptStyler': 'SDXL Story Prompt Styler', 'EasyPromptSelecto': '提示词选择工具', 'StyleSelecto': '风格选择器', 'LatentInterposer': 'Latent Interposer'}

Import times for custom nodes:
[2024-06-05 14:24]    0.0 seconds: D:\AI\worker_docker\ComfyUI\custom_nodes\websocket_image_save.py
[2024-06-05 14:24]    0.0 seconds: D:\AI\worker_docker\ComfyUI\custom_nodes\comfyui-profiler
[2024-06-05 14:24]    0.0 seconds: D:\AI\worker_docker\ComfyUI\custom_nodes\res-adapter
[2024-06-05 14:24]    0.0 seconds: D:\AI\worker_docker\ComfyUI\custom_nodes\ComfyUI_IPAdapter_plus
[2024-06-05 14:24]    0.0 seconds (IMPORT FAILED): D:\AI\worker_docker\ComfyUI\custom_nodes\comfyui-inpaint-nodes
[2024-06-05 14:24]    0.0 seconds: D:\AI\worker_docker\ComfyUI\custom_nodes\neo_custom_node
[2024-06-05 14:24]    0.0 seconds: D:\AI\worker_docker\ComfyUI\custom_nodes\efficiency-nodes-comfyui-jags
[2024-06-05 14:24]    0.0 seconds: D:\AI\worker_docker\ComfyUI\custom_nodes\ComfyUI_essentials
[2024-06-05 14:24]    0.0 seconds: D:\AI\worker_docker\ComfyUI\custom_nodes\comfyui_stable_fast
[2024-06-05 14:24]    0.0 seconds: D:\AI\worker_docker\ComfyUI\custom_nodes\ComfyUI_Comfyroll_CustomNodes
[2024-06-05 14:24]    0.0 seconds: D:\AI\worker_docker\ComfyUI\custom_nodes\comfyui_controlnet_aux
[2024-06-05 14:24]    0.0 seconds: D:\AI\worker_docker\ComfyUI\custom_nodes\ComfyUI-Inspire-Pack
[2024-06-05 14:24]    0.2 seconds: D:\AI\worker_docker\ComfyUI\custom_nodes\comfyui-layerdiffusion
[2024-06-05 14:24]    0.3 seconds: D:\AI\worker_docker\ComfyUI\custom_nodes\ComfyUI-Manager
[2024-06-05 14:24]    0.3 seconds: D:\AI\worker_docker\ComfyUI\custom_nodes\ComfyUI_FizzNodes
[2024-06-05 14:24]    1.0 seconds: D:\AI\worker_docker\ComfyUI\custom_nodes\ComfyUI_InstantID
[2024-06-05 14:24]    2.5 seconds: D:\AI\worker_docker\ComfyUI\custom_nodes\ComfyUI-Impact-Pack
[2024-06-05 14:24] 
[2024-06-05 14:24] Starting server

[2024-06-05 14:24] To see the GUI go to: http://127.0.0.1:6006
[2024-06-05 14:25] 
Stopped server
